Starting Monte Carlo Sampling...

Current time: Sun Nov 27 09:54:28 2022 
MonteCarlo.2
Number of points completed: 100
Number of simulation errors: 18
MonteCarlo.2 completed. 
Current time: Sun Nov 27 10:04:13 2022 
Monte Carlo Sampling yield summary:
Number of spec values are in this yield data: 1
SRAM_1KB:TB_mac_Sense:1	C0 - 
	offset:	Yield	0%
		Min 0	Max 0	Mean 0	Number of errors 0

SRAM_1KB:TB_mac_Sense:1
	Overall Yield	0%	Number of points passed	0	Total number of points	0

Estimated yield = 0% (0/0), 0 errors
Estimated yield (No opregions) = 0% (0/0)
Monte Carlo Sampling yield summary:
Number of spec values are in this yield data: 1
SRAM_1KB:TB_mac_Sense:1	C0 - 
	offset:	Yield	0%
		Min 0	Max 0	Mean 0	Number of errors 0

SRAM_1KB:TB_mac_Sense:1
	Overall Yield	0%	Number of points passed	0	Total number of points	0

Estimated yield = 0% (0/0), 0 errors
Estimated yield (No opregions) = 0% (0/0)
Monte Carlo Sampling yield summary:
Number of spec values are in this yield data: 1
SRAM_1KB:TB_mac_Sense:1	C0 - 
	offset:	Yield	0%
		Min 0	Max 0	Mean 0	Number of errors 0

SRAM_1KB:TB_mac_Sense:1
	Overall Yield	0%	Number of points passed	0	Total number of points	0

Estimated yield = 0% (0/0), 0 errors
Estimated yield (No opregions) = 0% (0/0)
Monte Carlo Sampling yield summary:
Number of spec values are in this yield data: 1
SRAM_1KB:TB_mac_Sense:1	C0 - 
	offset:	Yield	0%
		Min 0	Max 0	Mean 0	Number of errors 0

SRAM_1KB:TB_mac_Sense:1
	Overall Yield	0%	Number of points passed	0	Total number of points	0

Estimated yield = 0% (0/0), 0 errors
Estimated yield (No opregions) = 0% (0/0)
Monte Carlo Sampling yield summary:
Number of spec values are in this yield data: 1
SRAM_1KB:TB_mac_Sense:1	C0 - 
	offset:	Yield	82%
		Min -0.00989996	Max 0.00970015	Mean -0.00234753	Number of errors 18

SRAM_1KB:TB_mac_Sense:1
	Overall Yield	99%	Number of points passed	99	Total number of points	100

Estimated yield = 99% (99/100), 18 errors
Estimated yield (No opregions) = 99% (99/100)
Monte Carlo Sampling yield summary:
Number of spec values are in this yield data: 1
SRAM_1KB:TB_mac_Sense:1	C0 - 
	offset:	Yield	82%
		Min -0.00989996	Max 0.00970015	Mean -0.00234753	Number of errors 18

SRAM_1KB:TB_mac_Sense:1
	Overall Yield	99%	Number of points passed	99	Total number of points	100

Estimated yield = 99% (99/100), 18 errors
Estimated yield (No opregions) = 99% (99/100)
